<?xml version="1.0" encoding="UTF-8"?>
<!-- Generated by org.testng.reporters.JUnitReportReporter -->
<testsuite hostname="DESKTOP-5AM7H9P" failures="0" tests="3" name="tests.NewYorkerUITest" time="35.819" errors="0" timestamp="2024-03-14T17:40:06 CET" skipped="0">
  <testcase classname="tests.NewYorkerUITest" name="navigateAndTestNewYorkerWebsite" time="6.494"/>
  <testcase classname="tests.NewYorkerUITest" name="selectMenu" time="15.228"/>
  <testcase classname="tests.NewYorkerUITest" name="DoB" time="14.097"/>
</testsuite> <!-- tests.NewYorkerUITest -->
