<?xml version="1.0" encoding="UTF-8"?>
<!-- Generated by org.testng.reporters.JUnitReportReporter -->
<testsuite hostname="DESKTOP-5AM7H9P" failures="0" tests="1" name="SelIntro" time="3.384" errors="0" timestamp="2024-03-11T19:04:34 CET" skipped="0">
  <testcase classname="SelIntro" name="navigateAndTestNewYorkerWebsite" time="3.384"/>
</testsuite> <!-- SelIntro -->
